<?xml version="1.0" encoding="UTF-8"?>
<testsuite xmlns:xsi="http://www.w3.org/2001/XMLSchema-instance" xsi:noNamespaceSchemaLocation="https://maven.apache.org/surefire/maven-surefire-plugin/xsd/surefire-test-report.xsd" version="3.0.2" name="com.example.websport.WebsportApplicationTests" time="10.484" tests="1" errors="0" skipped="0" failures="0" flakes="0">
  <properties>
[...]
</properties>
  <testcase name="contextLoads" classname="com.example.websport.WebsportApplicationTests" time="0.428">
    <system-out><![CDATA[18:11:32.517 [main] INFO org.springframework.test.context.support.AnnotationConfigContextLoaderUtils -- Could not detect default configuration classes for test class [com.example.websport.WebsportApplicationTests]: WebsportApplicationTests does not declare any static, non-private, non-final, nested classes annotated with @Configuration.
18:11:32.620 [main] INFO org.springframework.boot.test.context.SpringBootTestContextBootstrapper -- Found @SpringBootConfiguration com.example.websport.WebsportApplication for test class com.example.websport.WebsportApplicationTests
18:11:32.710 [main] INFO org.springframework.test.context.support.AnnotationConfigContextLoaderUtils -- Could not detect default configuration classes for test class [com.example.websport.WebsportApplicationTests]: WebsportApplicationTests does not declare any static, non-private, non-final, nested classes annotated with @Configuration.
18:11:32.711 [main] INFO org.springframework.boot.test.context.SpringBootTestContextBootstrapper -- Found @SpringBootConfiguration com.example.websport.WebsportApplication for test class com.example.websport.WebsportApplicationTests

  .   ____          _            __ _ _
 /\\ / ___'_ __ _ _(_)_ __  __ _ \ \ \ \
( ( )\___ | '_ | '_| | '_ \/ _` | \ \ \ \
 \\/  ___)| |_)| | | | | || (_| |  ) ) ) )
  '  |____| .__|_| |_|_| |_\__, | / / / /
 =========|_|==============|___/=/_/_/_/

 :: Spring Boot ::                (v4.0.6)

2026-06-12T18:11:33.193+07:00  INFO 3832 --- [           main] c.e.websport.WebsportApplicationTests    : Starting WebsportApplicationTests using Java 23.0.2 with PID 3832 (started by FPT in D:\Code\websport\Backend)
2026-06-12T18:11:33.195+07:00  INFO 3832 --- [           main] c.e.websport.WebsportApplicationTests    : No active profile set, falling back to 1 default profile: "default"
2026-06-12T18:11:34.326+07:00  INFO 3832 --- [           main] .s.d.r.c.RepositoryConfigurationDelegate : Bootstrapping Spring Data JPA repositories in DEFAULT mode.
2026-06-12T18:11:34.422+07:00  INFO 3832 --- [           main] .s.d.r.c.RepositoryConfigurationDelegate : Finished Spring Data repository scanning in 83 ms. Found 8 JPA repository interfaces.
2026-06-12T18:11:35.544+07:00  INFO 3832 --- [           main] org.hibernate.orm.jpa                    : HHH008540: Processing PersistenceUnitInfo [name: default]
2026-06-12T18:11:35.678+07:00  INFO 3832 --- [           main] org.hibernate.orm.core                   : HHH000001: Hibernate ORM core version 7.2.12.Final
2026-06-12T18:11:36.589+07:00  INFO 3832 --- [           main] o.s.o.j.p.SpringPersistenceUnitInfo      : No LoadTimeWeaver setup: ignoring JPA class transformer
2026-06-12T18:11:36.644+07:00  INFO 3832 --- [           main] com.zaxxer.hikari.HikariDataSource       : HikariPool-1 - Starting...
2026-06-12T18:11:37.192+07:00  INFO 3832 --- [           main] com.zaxxer.hikari.pool.HikariPool        : HikariPool-1 - Added connection com.mysql.cj.jdbc.ConnectionImpl@5470753a
2026-06-12T18:11:37.195+07:00  INFO 3832 --- [           main] com.zaxxer.hikari.HikariDataSource       : HikariPool-1 - Start completed.
2026-06-12T18:11:37.355+07:00  INFO 3832 --- [           main] org.hibernate.orm.connections.pooling    : HHH10001005: Database info:
	Database JDBC URL [jdbc:mysql://localhost:3306/websport]
	Database driver: MySQL Connector/J
	Database dialect: MySQLDialect
	Database version: 8.0.46
	Default catalog/schema: websport/undefined
	Autocommit mode: undefined/unknown
	Isolation level: REPEATABLE_READ [default REPEATABLE_READ]
	JDBC fetch size: none
	Pool: DataSourceConnectionProvider
	Minimum pool size: undefined/unknown
	Maximum pool size: undefined/unknown
2026-06-12T18:11:39.015+07:00  INFO 3832 --- [           main] org.hibernate.orm.core                   : HHH000489: No JTA platform available (set 'hibernate.transaction.jta.platform' to enable JTA platform integration)
2026-06-12T18:11:39.105+07:00  INFO 3832 --- [           main] j.LocalContainerEntityManagerFactoryBean : Initialized JPA EntityManagerFactory for persistence unit 'default'
2026-06-12T18:11:39.201+07:00  INFO 3832 --- [           main] o.s.d.j.r.query.QueryEnhancerFactories   : Hibernate is in classpath; If applicable, HQL parser will be used.
2026-06-12T18:11:40.801+07:00  WARN 3832 --- [           main] JpaBaseConfiguration$JpaWebConfiguration : spring.jpa.open-in-view is enabled by default. Therefore, database queries may be performed during view rendering. Explicitly configure spring.jpa.open-in-view to disable this warning
2026-06-12T18:11:41.002+07:00  WARN 3832 --- [           main] .s.a.UserDetailsServiceAutoConfiguration : 

Using generated security password: b54f1b7d-9161-4a24-8414-845b944e955d

This generated password is for development use only. Your security configuration must be updated before running your application in production.

2026-06-12T18:11:41.017+07:00  INFO 3832 --- [           main] r$InitializeUserDetailsManagerConfigurer : Global AuthenticationManager configured with UserDetailsService bean with name inMemoryUserDetailsManager
2026-06-12T18:11:41.612+07:00  INFO 3832 --- [           main] o.s.b.a.e.web.EndpointLinksResolver      : Exposing 1 endpoint beneath base path '/actuator'
2026-06-12T18:11:42.039+07:00  INFO 3832 --- [           main] c.e.websport.WebsportApplicationTests    : Started WebsportApplicationTests in 9.254 seconds (process running for 10.461)
Hibernate: select u1_0.id,u1_0.created_at,u1_0.full_name,u1_0.password,u1_0.phone_number,u1_0.role,u1_0.status,u1_0.updated_at,u1_0.user_name from users u1_0 where u1_0.user_name=?
]]></system-out>
    <system-err><![CDATA[Mockito is currently self-attaching to enable the inline-mock-maker. This will no longer work in future releases of the JDK. Please add Mockito as an agent to your build as described in Mockito's documentation: https://javadoc.io/doc/org.mockito/mockito-core/latest/org.mockito/org/mockito/Mockito.html#0.3
WARNING: A Java agent has been loaded dynamically (C:\Users\FPT\.m2\repository\net\bytebuddy\byte-buddy-agent\1.17.8\byte-buddy-agent-1.17.8.jar)
WARNING: If a serviceability tool is in use, please run with -XX:+EnableDynamicAgentLoading to hide this warning
WARNING: If a serviceability tool is not in use, please run with -Djdk.instrument.traceUsage for more information
WARNING: Dynamic loading of agents will be disallowed by default in a future release
]]></system-err>
  </testcase>
</testsuite>